<?xml version="1.0" encoding="UTF-8"?>
<!-- Generated by org.testng.reporters.JUnitReportReporter -->
<testsuite hostname="Максим-VAIO" failures="0" tests="1" name="ua.price.tests.TestClicks" time="27.985" errors="0" timestamp="2022-06-02T03:20:57 EEST" skipped="0">
  <testcase classname="ua.price.tests.TestClicks" name="testClickType6" time="27.985"/>
  <system-out/>
</testsuite> <!-- ua.price.tests.TestClicks -->
