<?xml version="1.0" encoding="UTF-8"?>
<!-- Generated by org.testng.reporters.JUnitReportReporter -->
<testsuite hostname="Максим-VAIO" failures="0" tests="2" name="ua.price.tests.TrialTest" time="0.015" errors="0" timestamp="2022-06-01T01:15:13 EEST" skipped="0">
  <testcase classname="ua.price.tests.TrialTest" name="test2" time="0.007"/>
  <system-out/>
  <testcase classname="ua.price.tests.TrialTest" name="test1" time="0.008"/>
  <system-out/>
</testsuite> <!-- ua.price.tests.TrialTest -->
