<?xml version="1.0" encoding="UTF-8"?>
<!-- Generated by org.testng.reporters.JUnitReportReporter -->
<testsuite hostname="Максим-VAIO" failures="0" tests="1" name="ua.price.desktop.tests.TestClicks" time="66.622" errors="0" timestamp="2022-06-06T03:16:31 EEST" skipped="0">
  <testcase classname="ua.price.desktop.tests.TestClicks" name="testClickType9" time="66.622"/>
  <system-out/>
</testsuite> <!-- ua.price.desktop.tests.TestClicks -->
