<?xml version="1.0" encoding="UTF-8"?>
<!-- Generated by org.testng.reporters.JUnitReportReporter -->
<testsuite hostname="Максим-VAIO" failures="0" tests="1" name="ua.price.mobile.tests.TestClicks" time="68.676" errors="1" timestamp="2022-06-06T03:18:24 EEST" skipped="0">
  <testcase classname="ua.price.mobile.tests.TestClicks" name="testClickType1" time="68.676">
    <error message="chrome not reachable
  (Session info: chrome=102.0.5005.63)
Build info: version: &#039;4.1.3&#039;, revision: &#039;7b1ebf28ef&#039;
System info: host: &#039;МАКСИМ-VAIO&#039;, ip: &#039;172.27.237.200&#039;, os.name: &#039;Windows 7&#039;, os.arch: &#039;amd64&#039;, os.version: &#039;6.1&#039;, java.version: &#039;18.0.1.1&#039;
Driver info: org.openqa.selenium.chrome.ChromeDriver
Command: [858e542c30e6c0e119c43a575b04d53f, getCurrentWindowHandle {}]
Capabilities {acceptInsecureCerts: false, browserName: chrome, browserVersion: 102.0.5005.63, chrome: {chromedriverVersion: 101.0.4951.41 (93c720db8323..., userDataDir: C:\Users\2BA0~1\AppData\Loc...}, goog:chromeOptions: {debuggerAddress: localhost:56617}, javascriptEnabled: true, networkConnectionEnabled: false, pageLoadStrategy: normal, platform: WINDOWS, platformName: WINDOWS, proxy: Proxy(), se:cdp: ws://localhost:56617/devtoo..., se:cdpVersion: 102.0.5005.63, setWindowRect: true, strictFileInteractability: false, timeouts: {implicit: 0, pageLoad: 300000, script: 30000}, unhandledPromptBehavior: dismiss and notify, webauthn:extension:credBlob: true, webauthn:extension:largeBlob: true, webauthn:virtualAuthenticators: true}
Session ID: 858e542c30e6c0e119c43a575b04d53f" type="org.openqa.selenium.WebDriverException">
      <![CDATA[org.openqa.selenium.WebDriverException: chrome not reachable
  (Session info: chrome=102.0.5005.63)
Build info: version: '4.1.3', revision: '7b1ebf28ef'
System info: host: 'МАКСИМ-VAIO', ip: '172.27.237.200', os.name: 'Windows 7', os.arch: 'amd64', os.version: '6.1', java.version: '18.0.1.1'
Driver info: org.openqa.selenium.chrome.ChromeDriver
Command: [858e542c30e6c0e119c43a575b04d53f, getCurrentWindowHandle {}]
Capabilities {acceptInsecureCerts: false, browserName: chrome, browserVersion: 102.0.5005.63, chrome: {chromedriverVersion: 101.0.4951.41 (93c720db8323..., userDataDir: C:\Users\2BA0~1\AppData\Loc...}, goog:chromeOptions: {debuggerAddress: localhost:56617}, javascriptEnabled: true, networkConnectionEnabled: false, pageLoadStrategy: normal, platform: WINDOWS, platformName: WINDOWS, proxy: Proxy(), se:cdp: ws://localhost:56617/devtoo..., se:cdpVersion: 102.0.5005.63, setWindowRect: true, strictFileInteractability: false, timeouts: {implicit: 0, pageLoad: 300000, script: 30000}, unhandledPromptBehavior: dismiss and notify, webauthn:extension:credBlob: true, webauthn:extension:largeBlob: true, webauthn:virtualAuthenticators: true}
Session ID: 858e542c30e6c0e119c43a575b04d53f
at java.base/jdk.internal.reflect.DirectConstructorHandleAccessor.newInstance(DirectConstructorHandleAccessor.java:67)
at java.base/java.lang.reflect.Constructor.newInstanceWithCaller(Constructor.java:499)
at java.base/java.lang.reflect.Constructor.newInstance(Constructor.java:483)
at org.openqa.selenium.remote.codec.w3c.W3CHttpResponseCodec.createException(W3CHttpResponseCodec.java:200)
at org.openqa.selenium.remote.codec.w3c.W3CHttpResponseCodec.decode(W3CHttpResponseCodec.java:133)
at org.openqa.selenium.remote.codec.w3c.W3CHttpResponseCodec.decode(W3CHttpResponseCodec.java:53)
at org.openqa.selenium.remote.HttpCommandExecutor.execute(HttpCommandExecutor.java:184)
at org.openqa.selenium.remote.service.DriverCommandExecutor.invokeExecute(DriverCommandExecutor.java:167)
at org.openqa.selenium.remote.service.DriverCommandExecutor.execute(DriverCommandExecutor.java:142)
at org.openqa.selenium.remote.RemoteWebDriver.execute(RemoteWebDriver.java:567)
at org.openqa.selenium.remote.RemoteWebDriver.execute(RemoteWebDriver.java:622)
at org.openqa.selenium.remote.RemoteWebDriver.execute(RemoteWebDriver.java:626)
at org.openqa.selenium.remote.RemoteWebDriver.getWindowHandle(RemoteWebDriver.java:485)
at ua.price.mobile.applogic.FirmClicksPageHelper.openPage(FirmClicksPageHelper.java:39)
at ua.price.mobile.applogic.FirmClicksPageHelper.checkLastClickFirm2533(FirmClicksPageHelper.java:94)
at ua.price.mobile.applogic.FirmClicksPageHelper.checkLastClickFirm2533(FirmClicksPageHelper.java:94)
at ua.price.mobile.applogic.FirmClicksPageHelper.checkLastClickFirm2533(FirmClicksPageHelper.java:94)
at ua.price.mobile.applogic.FirmClicksPageHelper.checkLastClickFirm2533(FirmClicksPageHelper.java:94)
at ua.price.mobile.applogic.FirmClicksPageHelper.checkLastClickFirm2533(FirmClicksPageHelper.java:94)
at ua.price.mobile.applogic.FirmClicksPageHelper.checkLastClickFirm2533(FirmClicksPageHelper.java:94)
at ua.price.mobile.applogic.FirmClicksPageHelper.checkLastClickFirm2533(FirmClicksPageHelper.java:94)
at ua.price.mobile.applogic.FirmClicksPageHelper.checkLastClickFirm2533(FirmClicksPageHelper.java:94)
at ua.price.mobile.applogic.FirmClicksPageHelper.checkLastClickFirm2533(FirmClicksPageHelper.java:94)
at ua.price.mobile.applogic.FirmClicksPageHelper.checkLastClickFirm2533(FirmClicksPageHelper.java:94)
at ua.price.mobile.applogic.FirmClicksPageHelper.checkLastClickFirm2533(FirmClicksPageHelper.java:94)
at ua.price.mobile.applogic.FirmClicksPageHelper.checkLastClickFirm2533(FirmClicksPageHelper.java:94)
at ua.price.mobile.applogic.FirmClicksPageHelper.checkLastClickFirm2533(FirmClicksPageHelper.java:94)
at ua.price.mobile.applogic.FirmClicksPageHelper.checkLastClickFirm2533(FirmClicksPageHelper.java:94)
at ua.price.mobile.applogic.FirmClicksPageHelper.checkLastClickFirm2533(FirmClicksPageHelper.java:94)
at ua.price.mobile.applogic.FirmClicksPageHelper.checkLastClickFirm2533(FirmClicksPageHelper.java:94)
at ua.price.mobile.applogic.FirmClicksPageHelper.checkLastClickFirm2533(FirmClicksPageHelper.java:94)
at ua.price.mobile.applogic.FirmClicksPageHelper.checkLastClickFirm2533(FirmClicksPageHelper.java:94)
at ua.price.mobile.applogic.FirmClicksPageHelper.checkLastClickFirm2533(FirmClicksPageHelper.java:94)
at ua.price.mobile.applogic.FirmClicksPageHelper.checkLastClickFirm2533(FirmClicksPageHelper.java:94)
at ua.price.mobile.applogic.FirmClicksPageHelper.checkLastClickFirm2533(FirmClicksPageHelper.java:94)
at ua.price.mobile.applogic.FirmClicksPageHelper.checkLastClickFirm2533(FirmClicksPageHelper.java:94)
at ua.price.mobile.applogic.FirmClicksPageHelper.checkLastClickFirm2533(FirmClicksPageHelper.java:94)
at ua.price.mobile.applogic.FirmClicksPageHelper.checkLastClickFirm2533(FirmClicksPageHelper.java:94)
at ua.price.mobile.applogic.FirmClicksPageHelper.checkLastClickFirm2533(FirmClicksPageHelper.java:94)
at ua.price.mobile.applogic.FirmClicksPageHelper.checkLastClickFirm2533(FirmClicksPageHelper.java:94)
at ua.price.mobile.applogic.FirmClicksPageHelper.checkLastClickFirm2533(FirmClicksPageHelper.java:94)
at ua.price.mobile.applogic.CatalogFirm2533Helper.checkClickInTable(CatalogFirm2533Helper.java:130)
at ua.price.mobile.tests.TestClicks.testClickType1(TestClicks.java:17)
at java.base/jdk.internal.reflect.DirectMethodHandleAccessor.invoke(DirectMethodHandleAccessor.java:104)
at java.base/java.lang.reflect.Method.invoke(Method.java:577)
at org.testng.internal.invokers.MethodInvocationHelper.invokeMethod(MethodInvocationHelper.java:139)
at org.testng.internal.invokers.TestInvoker.invokeMethod(TestInvoker.java:677)
at org.testng.internal.invokers.TestInvoker.invokeTestMethod(TestInvoker.java:221)
at org.testng.internal.invokers.MethodRunner.runInSequence(MethodRunner.java:50)
at org.testng.internal.invokers.TestInvoker$MethodInvocationAgent.invoke(TestInvoker.java:962)
at org.testng.internal.invokers.TestInvoker.invokeTestMethods(TestInvoker.java:194)
at org.testng.internal.invokers.TestMethodWorker.invokeTestMethods(TestMethodWorker.java:148)
at org.testng.internal.invokers.TestMethodWorker.run(TestMethodWorker.java:128)
at java.base/java.util.ArrayList.forEach(ArrayList.java:1511)
at org.testng.TestRunner.privateRun(TestRunner.java:806)
at org.testng.TestRunner.run(TestRunner.java:601)
at org.testng.SuiteRunner.runTest(SuiteRunner.java:433)
at org.testng.SuiteRunner.runSequentially(SuiteRunner.java:427)
at org.testng.SuiteRunner.privateRun(SuiteRunner.java:387)
at org.testng.SuiteRunner.run(SuiteRunner.java:330)
at org.testng.SuiteRunnerWorker.runSuite(SuiteRunnerWorker.java:52)
at org.testng.SuiteRunnerWorker.run(SuiteRunnerWorker.java:95)
at org.testng.TestNG.runSuitesSequentially(TestNG.java:1256)
at org.testng.TestNG.runSuitesLocally(TestNG.java:1176)
at org.testng.TestNG.runSuites(TestNG.java:1099)
at org.testng.TestNG.run(TestNG.java:1067)
at org.apache.maven.surefire.testng.TestNGExecutor.run(TestNGExecutor.java:324)
at org.apache.maven.surefire.testng.TestNGXmlTestSuite.execute(TestNGXmlTestSuite.java:74)
at org.apache.maven.surefire.testng.TestNGProvider.invoke(TestNGProvider.java:123)
at org.apache.maven.surefire.booter.ForkedBooter.runSuitesInProcess(ForkedBooter.java:456)
at org.apache.maven.surefire.booter.ForkedBooter.execute(ForkedBooter.java:169)
at org.apache.maven.surefire.booter.ForkedBooter.run(ForkedBooter.java:595)
at org.apache.maven.surefire.booter.ForkedBooter.main(ForkedBooter.java:581)
]]>
    </error>
  </testcase> <!-- testClickType1 -->
  <system-out/>
</testsuite> <!-- ua.price.mobile.tests.TestClicks -->
