<?xml version="1.0" encoding="UTF-8"?>
<!-- Generated by org.testng.reporters.JUnitReportReporter -->
<testsuite hostname="Максим-VAIO" failures="0" tests="1" name="ua.price.tests.TrialTest" time="26.941" errors="0" timestamp="2022-05-24T14:52:22 EEST" skipped="0">
  <testcase classname="ua.price.tests.TrialTest" name="test" time="26.941"/>
  <system-out/>
</testsuite> <!-- ua.price.tests.TrialTest -->
